Using pre-set license
Built from '2021.2/staging' branch; Version is '2021.2.18f1 (0c6e675195cf) revision 814695'; Using compiler version '192829333'; Build Type 'Release'
OS: 'Windows 11  (10.0.22000) 64bit Core' Language: 'no' Physical Memory: 15716 MB
BatchMode: 1, IsHumanControllingUs: 0, StartBugReporterOnCrash: 0, Is64bit: 1, IsPro: 1

COMMAND LINE ARGUMENTS:
C:\Program Files\Unity\Hub\Editor\2021.2.18f1\Editor\Unity.exe
-adb2
-batchMode
-noUpm
-name
AssetImportWorker0
-projectPath
C:/Users/Mads A.L.Tveita/RiderProjects/(zg)(sluttprosjekt)
-logFile
Logs/AssetImportWorker0.log
-srvPort
63607
Successfully changed project path to: C:/Users/Mads A.L.Tveita/RiderProjects/(zg)(sluttprosjekt)
C:/Users/Mads A.L.Tveita/RiderProjects/(zg)(sluttprosjekt)
[UnityMemory] Configuration Parameters - Can be set up in boot.config
    "memorysetup-bucket-allocator-granularity=16"
    "memorysetup-bucket-allocator-bucket-count=8"
    "memorysetup-bucket-allocator-block-size=33554432"
    "memorysetup-bucket-allocator-block-count=8"
    "memorysetup-main-allocator-block-size=16777216"
    "memorysetup-thread-allocator-block-size=16777216"
    "memorysetup-gfx-main-allocator-block-size=16777216"
    "memorysetup-gfx-thread-allocator-block-size=16777216"
    "memorysetup-cache-allocator-block-size=4194304"
    "memorysetup-typetree-allocator-block-size=2097152"
    "memorysetup-profiler-bucket-allocator-granularity=16"
    "memorysetup-profiler-bucket-allocator-bucket-count=8"
    "memorysetup-profiler-bucket-allocator-block-size=33554432"
    "memorysetup-profiler-bucket-allocator-block-count=8"
    "memorysetup-profiler-allocator-block-size=16777216"
    "memorysetup-profiler-editor-allocator-block-size=1048576"
    "memorysetup-temp-allocator-size-main=16777216"
    "memorysetup-job-temp-allocator-block-size=2097152"
    "memorysetup-job-temp-allocator-block-size-background=1048576"
    "memorysetup-job-temp-allocator-reduction-small-platforms=262144"
    "memorysetup-temp-allocator-size-background-worker=32768"
    "memorysetup-temp-allocator-size-job-worker=262144"
    "memorysetup-temp-allocator-size-preload-manager=33554432"
    "memorysetup-temp-allocator-size-nav-mesh-worker=65536"
    "memorysetup-temp-allocator-size-audio-worker=65536"
    "memorysetup-temp-allocator-size-cloud-worker=32768"
    "memorysetup-temp-allocator-size-gi-baking-worker=262144"
    "memorysetup-temp-allocator-size-gfx=262144"
Refreshing native plugins compatible for Editor in 134.11 ms, found 4 plugins.
Preloading 0 native plugins for Editor in 0.00 ms.
Initialize engine version: 2021.2.18f1 (0c6e675195cf)
[Subsystems] Discovering subsystems at path C:/Program Files/Unity/Hub/Editor/2021.2.18f1/Editor/Data/Resources/UnitySubsystems
[Subsystems] Discovering subsystems at path C:/Users/Mads A.L.Tveita/RiderProjects/(zg)(sluttprosjekt)/Assets
GfxDevice: creating device client; threaded=0; jobified=0
Direct3D:
    Version:  Direct3D 11.0 [level 11.1]
    Renderer: NVIDIA GeForce RTX 3060 Laptop GPU (ID=0x2520)
    Vendor:   NVIDIA
    VRAM:     6023 MB
    Driver:   30.0.14.7247
Initialize mono
Mono path[0] = 'C:/Program Files/Unity/Hub/Editor/2021.2.18f1/Editor/Data/Managed'
Mono path[1] = 'C:/Program Files/Unity/Hub/Editor/2021.2.18f1/Editor/Data/MonoBleedingEdge/lib/mono/unityjit-win32'
Mono config path = 'C:/Program Files/Unity/Hub/Editor/2021.2.18f1/Editor/Data/MonoBleedingEdge/etc'
Using monoOptions --debugger-agent=transport=dt_socket,embedding=1,server=y,suspend=n,address=127.0.0.1:56136
Begin MonoManager ReloadAssembly
Registering precompiled unity dll's ...
Register platform support module: C:/Program Files/Unity/Hub/Editor/2021.2.18f1/Editor/Data/PlaybackEngines/WindowsStandaloneSupport/UnityEditor.WindowsStandalone.Extensions.dll
Registered in 0.008934 seconds.
Native extension for WindowsStandalone target not found
Refreshing native plugins compatible for Editor in 112.20 ms, found 4 plugins.
Preloading 0 native plugins for Editor in 0.00 ms.
Mono: successfully reloaded assembly
- Completed reload, in  0.754 seconds
Domain Reload Profiling:
	ReloadAssembly (754ms)
		BeginReloadAssembly (87ms)
			ExecutionOrderSort (0ms)
			DisableScriptedObjects (0ms)
			BackupInstance (0ms)
			ReleaseScriptingObjects (0ms)
			CreateAndSetChildDomain (1ms)
		EndReloadAssembly (538ms)
			LoadAssemblies (84ms)
			RebuildTransferFunctionScriptingTraits (0ms)
			SetupTypeCache (105ms)
			ReleaseScriptCaches (0ms)
			RebuildScriptCaches (25ms)
			SetupLoadedEditorAssemblies (353ms)
				LogAssemblyErrors (0ms)
				InitializePlatformSupportModulesInManaged (8ms)
				SetLoadedEditorAssemblies (0ms)
				RefreshPlugins (112ms)
				BeforeProcessingInitializeOnLoad (1ms)
				ProcessInitializeOnLoadAttributes (178ms)
				ProcessInitializeOnLoadMethodAttributes (53ms)
				AfterProcessingInitializeOnLoad (0ms)
				EditorAssembliesLoaded (0ms)
			ExecutionOrderSort2 (0ms)
			AwakeInstancesAfterBackupRestoration (0ms)
Platform modules already initialized, skipping
Registering precompiled user dll's ...
Registered in 0.010682 seconds.
Begin MonoManager ReloadAssembly
Symbol file LoadedFromMemory doesn't match image C:\Users\Mads A.L.Tveita\RiderProjects\(zg)(sluttprosjekt)\Library\PackageCache\com.unity.visualscripting@1.7.6\Editor\VisualScripting.Core\Dependencies\YamlDotNet\Unity.VisualScripting.YamlDotNet.dll
Symbol file LoadedFromMemory doesn't match image C:\Users\Mads A.L.Tveita\RiderProjects\(zg)(sluttprosjekt)\Library\PackageCache\com.unity.visualscripting@1.7.6\Editor\VisualScripting.Core\Dependencies\DotNetZip\Unity.VisualScripting.IonicZip.dll
Native extension for WindowsStandalone target not found
Refreshing native plugins compatible for Editor in 113.06 ms, found 4 plugins.
Preloading 0 native plugins for Editor in 0.00 ms.
Mono: successfully reloaded assembly
- Completed reload, in  1.601 seconds
Domain Reload Profiling:
	ReloadAssembly (1602ms)
		BeginReloadAssembly (102ms)
			ExecutionOrderSort (0ms)
			DisableScriptedObjects (5ms)
			BackupInstance (0ms)
			ReleaseScriptingObjects (0ms)
			CreateAndSetChildDomain (19ms)
		EndReloadAssembly (1398ms)
			LoadAssemblies (80ms)
			RebuildTransferFunctionScriptingTraits (0ms)
			SetupTypeCache (235ms)
			ReleaseScriptCaches (1ms)
			RebuildScriptCaches (61ms)
			SetupLoadedEditorAssemblies (973ms)
				LogAssemblyErrors (0ms)
				InitializePlatformSupportModulesInManaged (4ms)
				SetLoadedEditorAssemblies (0ms)
				RefreshPlugins (113ms)
				BeforeProcessingInitializeOnLoad (120ms)
				ProcessInitializeOnLoadAttributes (635ms)
				ProcessInitializeOnLoadMethodAttributes (92ms)
				AfterProcessingInitializeOnLoad (8ms)
				EditorAssembliesLoaded (0ms)
			ExecutionOrderSort2 (0ms)
			AwakeInstancesAfterBackupRestoration (5ms)
Platform modules already initialized, skipping
========================================================================
Worker process is ready to serve import requests
Launched and connected shader compiler UnityShaderCompiler.exe after 0.06 seconds
Refreshing native plugins compatible for Editor in 0.97 ms, found 4 plugins.
Preloading 0 native plugins for Editor in 0.00 ms.
Unloading 5371 Unused Serialized files (Serialized files now loaded: 0)
Unloading 54 unused Assets / (1.2 MB). Loaded Objects now: 5809.
Memory consumption went from 210.1 MB to 208.9 MB.
Total: 4.322300 ms (FindLiveObjects: 0.392900 ms CreateObjectMapping: 0.144200 ms MarkObjects: 3.330800 ms  DeleteObjects: 0.453500 ms)

AssetImportParameters requested are different than current active one (requested -> active):
  custom:video-decoder-ogg-theora: a1e56fd34408186e4bbccfd4996cb3dc -> 
  custom:container-muxer-webm: aa71ff27fc2769a1b78a27578f13a17b -> 
  custom:container-demuxer-webm: 4f35f7cbe854078d1ac9338744f61a02 -> 
  custom:video-encoder-webm-vp8: eb34c28f22e8b96e1ab97ce403110664 -> 
  custom:video-codec-MediaFoundation-h265: 746d11721c4dcdbdad8f713fa42b33f4 -> 
  custom:audio-encoder-webm-vorbis: bf7c407c2cedff20999df2af8eb42d56 -> 
  custom:framework-win-MediaFoundation: 216162199b28c13a410421893ffa2e32 -> 
  custom:container-demuxer-ogg: 62fdf1f143b41e24485cea50d1cbac27 -> 
  custom:video-decoder-webm-vp8: 9c59270c3fd7afecdb556c50c9e8de78 -> 
  custom:audio-decoder-ogg-vorbis: bf7c407c2cedff20999df2af8eb42d56 -> 
========================================================================
Received Import Request.
  Time since last request: 204707.167327 seconds.
  path: Assets/UniversalRenderPipelineGlobalSettings.asset
  artifactKey: Guid(08fe134450e0b1246bd65c2fcd79947d) Importer(815301076,1909f56bfc062723c751e8b465ee728b)
Start importing Assets/UniversalRenderPipelineGlobalSettings.asset using Guid(08fe134450e0b1246bd65c2fcd79947d) Importer(815301076,1909f56bfc062723c751e8b465ee728b)  -> (artifact id: '0fec51e40c65c7c79010f7d7465a3066') in 0.060628 seconds 
========================================================================
Received Import Request.
  Time since last request: 22.707765 seconds.
  path: Assets/Scripts
  artifactKey: Guid(43e12642bb2022a418104035267d8610) Importer(815301076,1909f56bfc062723c751e8b465ee728b)
Start importing Assets/Scripts using Guid(43e12642bb2022a418104035267d8610) Importer(815301076,1909f56bfc062723c751e8b465ee728b)  -> (artifact id: 'c3e2245fa70cfb40c7bdd63bebf37e62') in 0.001945 seconds 
========================================================================
Received Import Request.
  Time since last request: 7.791608 seconds.
  path: Assets/Art Resources
  artifactKey: Guid(156e63a4fce60be4a90da71602d9d195) Importer(815301076,1909f56bfc062723c751e8b465ee728b)
Start importing Assets/Art Resources using Guid(156e63a4fce60be4a90da71602d9d195) Importer(815301076,1909f56bfc062723c751e8b465ee728b)  -> (artifact id: '4660557255f2a9c54d9a6d707cd5fa7b') in 0.002214 seconds 
========================================================================
Received Import Request.
  Time since last request: 8.465262 seconds.
  path: Assets/Art Resources/Animations
  artifactKey: Guid(fc126c3509d39af48b1191347e783af5) Importer(815301076,1909f56bfc062723c751e8b465ee728b)
Start importing Assets/Art Resources/Animations using Guid(fc126c3509d39af48b1191347e783af5) Importer(815301076,1909f56bfc062723c751e8b465ee728b)  -> (artifact id: '4dcbf116420e593bd5e49c2aed775f07') in 0.002237 seconds 
========================================================================
Received Import Request.
  Time since last request: 5.815957 seconds.
  path: Assets/Art Resources/Sprites
  artifactKey: Guid(4e5c7543d1ae65d4c9d9b2b41284aca8) Importer(815301076,1909f56bfc062723c751e8b465ee728b)
Start importing Assets/Art Resources/Sprites using Guid(4e5c7543d1ae65d4c9d9b2b41284aca8) Importer(815301076,1909f56bfc062723c751e8b465ee728b)  -> (artifact id: 'db0567cb3f7e50a196b43a60917f9250') in 0.002386 seconds 
========================================================================
Received Import Request.
  Time since last request: 9.182679 seconds.
  path: Assets/Art Resources/Illustrations
  artifactKey: Guid(45634736bf1a6534b9088e01fc866395) Importer(815301076,1909f56bfc062723c751e8b465ee728b)
Start importing Assets/Art Resources/Illustrations using Guid(45634736bf1a6534b9088e01fc866395) Importer(815301076,1909f56bfc062723c751e8b465ee728b)  -> (artifact id: '17bbedfada7b65d95f9056426df092a7') in 0.002192 seconds 
========================================================================
Received Import Request.
  Time since last request: 3.286296 seconds.
  path: Assets
  artifactKey: Guid(00000000000000001000000000000000) Importer(815301076,1909f56bfc062723c751e8b465ee728b)
Start importing Assets using Guid(00000000000000001000000000000000) Importer(815301076,1909f56bfc062723c751e8b465ee728b)  -> (artifact id: '79842766b460edbeab6a34051e857a80') in 0.002016 seconds 
========================================================================
Received Import Request.
  Time since last request: 5.550441 seconds.
  path: Assets/Prefabs
  artifactKey: Guid(8a9eda5da6342f746a7691447f63a6dd) Importer(815301076,1909f56bfc062723c751e8b465ee728b)
Start importing Assets/Prefabs using Guid(8a9eda5da6342f746a7691447f63a6dd) Importer(815301076,1909f56bfc062723c751e8b465ee728b)  -> (artifact id: '1bacc955f898d5323f519d72d5ecde73') in 0.002345 seconds 
========================================================================
Received Import Request.
  Time since last request: 10.544892 seconds.
  path: Assets/Rendering
  artifactKey: Guid(bce4c6f065942704b9bbb8d8044ffbac) Importer(815301076,1909f56bfc062723c751e8b465ee728b)
Start importing Assets/Rendering using Guid(bce4c6f065942704b9bbb8d8044ffbac) Importer(815301076,1909f56bfc062723c751e8b465ee728b)  -> (artifact id: '91123fa0683257e990c3b9b16dff96f1') in 0.002211 seconds 
========================================================================
Received Import Request.
  Time since last request: 4.820443 seconds.
  path: Assets/Settings
  artifactKey: Guid(0220aab0833d04faeb927d84ca6cc40c) Importer(815301076,1909f56bfc062723c751e8b465ee728b)
Start importing Assets/Settings using Guid(0220aab0833d04faeb927d84ca6cc40c) Importer(815301076,1909f56bfc062723c751e8b465ee728b)  -> (artifact id: 'd681da83228de6eb57118ec3dd4db8fe') in 0.002108 seconds 
========================================================================
Received Import Request.
  Time since last request: 0.058719 seconds.
  path: Assets/Settings/Lit2DSceneTemplate.scenetemplate
  artifactKey: Guid(d03ed43fc9d8a4f2e9fa70c1c7916eb9) Importer(815301076,1909f56bfc062723c751e8b465ee728b)
Start importing Assets/Settings/Lit2DSceneTemplate.scenetemplate using Guid(d03ed43fc9d8a4f2e9fa70c1c7916eb9) Importer(815301076,1909f56bfc062723c751e8b465ee728b)  -> (artifact id: '9ca8933c12b6098a5df52859f6839372') in 0.127335 seconds 
